#
# There is insufficient memory for the Java Runtime Environment to continue.
# Native memory allocation (mmap) failed to map 130023424 bytes. Error detail: G1 virtual space
# Possible reasons:
#   The system is out of physical RAM or swap space
#   This process is running with CompressedOops enabled, and the Java Heap may be blocking the growth of the native heap
# Possible solutions:
#   Reduce memory load on the system
#   Increase physical memory or swap space
#   Check if swap backing store is full
#   Decrease Java heap size (-Xmx/-Xms)
#   Decrease number of Java threads
#   Decrease Java thread stack sizes (-Xss)
#   Set larger code cache with -XX:ReservedCodeCacheSize=
#   JVM is running with Unscaled Compressed Oops mode in which the Java heap is
#     placed in the first 4GB address space. The Java Heap base address is the
#     maximum limit for the native heap growth. Please use -XX:HeapBaseMinAddress
#     to set the Java Heap base and to place the Java Heap above 4GB virtual address.
# This output file may be truncated or incomplete.
#
#  Out of Memory Error (os_windows.cpp:3703), pid=16464, tid=15896
#
# JRE version:  (23.0.1+11) (build )
# Java VM: Java HotSpot(TM) 64-Bit Server VM (23.0.1+11-39, mixed mode, sharing, tiered, compressed oops, compressed class ptrs, g1 gc, windows-amd64)
# No core dump will be written. Minidumps are not enabled by default on client versions of Windows
#

---------------  S U M M A R Y ------------

Command Line: -Dmaven.multiModuleProjectDirectory=D:\pincha\rifa\rifa -Djansi.passthrough=true -Dmaven.home=C:\Users\Leo\.m2\wrapper\dists\apache-maven-3.9.9-bin\4nf9hui3q3djbarqar9g711ggc\apache-maven-3.9.9 -Dclassworlds.conf=C:\Users\Leo\.m2\wrapper\dists\apache-maven-3.9.9-bin\4nf9hui3q3djbarqar9g711ggc\apache-maven-3.9.9\bin\m2.conf -Dmaven.ext.class.path=C:\Program Files\JetBrains\IntelliJ IDEA Community Edition 2024.2.3\plugins\maven\lib\maven-event-listener.jar -javaagent:C:\Program Files\JetBrains\IntelliJ IDEA Community Edition 2024.2.3\lib\idea_rt.jar=3947:C:\Program Files\JetBrains\IntelliJ IDEA Community Edition 2024.2.3\bin -Dfile.encoding=UTF-8 -Dsun.stdout.encoding=UTF-8 -Dsun.stderr.encoding=UTF-8 org.codehaus.classworlds.Launcher -Didea.version=2024.2.3 spring-boot:run

Host: 11th Gen Intel(R) Core(TM) i3-1115G4 @ 3.00GHz, 4 cores, 7G,  Windows 11 , 64 bit Build 22621 (10.0.22621.3672)
Time: Sun Jan 19 10:36:24 2025 Hora estándar de Cuba elapsed time: 0.032049 seconds (0d 0h 0m 0s)

---------------  T H R E A D  ---------------

Current thread (0x000002b133c34b20):  JavaThread "Unknown thread" [_thread_in_vm, id=15896, stack(0x000000be46a00000,0x000000be46b00000) (1024K)]

Stack: [0x000000be46a00000,0x000000be46b00000]
Native frames: (J=compiled Java code, j=interpreted, Vv=VM code, C=native code)
V  [jvm.dll+0x6e08b9]  (no source info available)
V  [jvm.dll+0x87dc83]  (no source info available)
V  [jvm.dll+0x88010e]  (no source info available)
V  [jvm.dll+0x8807e3]  (no source info available)
V  [jvm.dll+0x27aee6]  (no source info available)
V  [jvm.dll+0x6dd1c5]  (no source info available)
V  [jvm.dll+0x6d104a]  (no source info available)
V  [jvm.dll+0x35b3ea]  (no source info available)
V  [jvm.dll+0x3637f6]  (no source info available)
V  [jvm.dll+0x34fd5e]  (no source info available)
V  [jvm.dll+0x34fff8]  (no source info available)
V  [jvm.dll+0x3289cc]  (no source info available)
V  [jvm.dll+0x32966e]  (no source info available)
V  [jvm.dll+0x844355]  (no source info available)
V  [jvm.dll+0x3b9848]  (no source info available)
V  [jvm.dll+0x82d14c]  (no source info available)
V  [jvm.dll+0x454d4e]  (no source info available)
V  [jvm.dll+0x456bd1]  (no source info available)
C  [jli.dll+0x52a3]  (no source info available)
C  [ucrtbase.dll+0x29333]  (no source info available)
C  [KERNEL32.DLL+0x1257d]  (no source info available)
C  [ntdll.dll+0x5af28]  (no source info available)

Lock stack of current Java thread (top to bottom):


---------------  P R O C E S S  ---------------

Threads class SMR info:
_java_thread_list=0x00007ffb03cd3618, length=0, elements={
}

Java Threads: ( => current thread )
Total: 0

Other Threads:
  0x000002b135f52ab0 WorkerThread "GC Thread#0"                     [id=5180, stack(0x000000be46b00000,0x000000be46c00000) (1024K)]
  0x000002b135f670d0 ConcurrentGCThread "G1 Main Marker"            [id=13256, stack(0x000000be46c00000,0x000000be46d00000) (1024K)]
  0x000002b135f68bf0 WorkerThread "G1 Conc#0"                       [id=660, stack(0x000000be46d00000,0x000000be46e00000) (1024K)]

[error occurred during error reporting (printing all threads), id 0xc0000005, EXCEPTION_ACCESS_VIOLATION (0xc0000005) at pc=0x00007ffb0341bfba]
VM state: not at safepoint (not fully initialized)

VM Mutex/Monitor currently owned by a thread:  ([mutex/lock_event])
[0x00007ffb03d53a10] Heap_lock - owner thread: 0x000002b133c34b20

Heap address: 0x0000000084c00000, size: 1972 MB, Compressed Oops mode: 32-bit

CDS archive(s) mapped at: [0x0000000000000000-0x0000000000000000-0x0000000000000000), size 0, SharedBaseAddress: 0x0000000800000000, ArchiveRelocationMode: 1.
Narrow klass base: 0x0000000000000000, Narrow klass shift: 0, Narrow klass range: 0x0

GC Precious Log:
 CardTable entry size: 512
 Card Set container configuration: InlinePtr #cards 5 size 8 Array Of Cards #cards 10 size 36 Howl #buckets 4 coarsen threshold 1843 Howl Bitmap #cards 512 size 80 coarsen threshold 460 Card regions per heap region 1 cards per card region 2048

Heap:
 garbage-first heap   total reserved 2019328K, committed 0K, used 0K [0x0000000084c00000, 0x0000000100000000)
  region size 1024K, 0 young (0K), 0 survivors (0K)

[error occurred during error reporting (printing heap information), id 0xc0000005, EXCEPTION_ACCESS_VIOLATION (0xc0000005) at pc=0x00007ffb0381c3c9]
GC Heap History (0 events):
No events

Dll operation events (1 events):
Event: 0.026 Loaded shared library C:\Program Files\Java\jdk-23\bin\java.dll

Deoptimization events (0 events):
No events

Classes loaded (0 events):
No events

Classes unloaded (0 events):
No events

Classes redefined (0 events):
No events

Internal exceptions (0 events):
No events

VM Operations (0 events):
No events

Memory protections (0 events):
No events

Nmethod flushes (0 events):
No events

Events (0 events):
No events


Dynamic libraries:
0x00007ff654b90000 - 0x00007ff654ba0000 	C:\Program Files\Java\jdk-23\bin\java.exe
0x00007ffb6c930000 - 0x00007ffb6cb47000 	C:\WINDOWS\SYSTEM32\ntdll.dll
0x00007ffb6b8b0000 - 0x00007ffb6b974000 	C:\WINDOWS\System32\KERNEL32.DLL
0x00007ffb6a220000 - 0x00007ffb6a5cd000 	C:\WINDOWS\System32\KERNELBASE.dll
0x00007ffb69e00000 - 0x00007ffb69f11000 	C:\WINDOWS\System32\ucrtbase.dll
0x00007ffb634a0000 - 0x00007ffb634bb000 	C:\Program Files\Java\jdk-23\bin\VCRUNTIME140.dll
0x00007ffb63480000 - 0x00007ffb63497000 	C:\Program Files\Java\jdk-23\bin\jli.dll
0x00007ffb6c740000 - 0x00007ffb6c8ee000 	C:\WINDOWS\System32\USER32.dll
0x00007ffb6a080000 - 0x00007ffb6a0a6000 	C:\WINDOWS\System32\win32u.dll
0x00007ffb6ac00000 - 0x00007ffb6ac29000 	C:\WINDOWS\System32\GDI32.dll
0x00007ffb69c60000 - 0x00007ffb69d79000 	C:\WINDOWS\System32\gdi32full.dll
0x00007ffb69fe0000 - 0x00007ffb6a07a000 	C:\WINDOWS\System32\msvcp_win.dll
0x00007ffb4e980000 - 0x00007ffb4ec13000 	C:\WINDOWS\WinSxS\amd64_microsoft.windows.common-controls_6595b64144ccf1df_6.0.22621.3672_none_2713b9d173822955\COMCTL32.dll
0x00007ffb6bc80000 - 0x00007ffb6bd27000 	C:\WINDOWS\System32\msvcrt.dll
0x00007ffb6b7e0000 - 0x00007ffb6b811000 	C:\WINDOWS\System32\IMM32.DLL
0x00007ffb634d0000 - 0x00007ffb634dc000 	C:\Program Files\Java\jdk-23\bin\vcruntime140_1.dll
0x00007ffb35d00000 - 0x00007ffb35d8e000 	C:\Program Files\Java\jdk-23\bin\msvcp140.dll
0x00007ffb030e0000 - 0x00007ffb03e2f000 	C:\Program Files\Java\jdk-23\bin\server\jvm.dll
0x00007ffb6a990000 - 0x00007ffb6aa42000 	C:\WINDOWS\System32\ADVAPI32.dll
0x00007ffb6c5a0000 - 0x00007ffb6c649000 	C:\WINDOWS\System32\sechost.dll
0x00007ffb6a5d0000 - 0x00007ffb6a5f8000 	C:\WINDOWS\System32\bcrypt.dll
0x00007ffb6b1d0000 - 0x00007ffb6b2e4000 	C:\WINDOWS\System32\RPCRT4.dll
0x00007ffb6c6c0000 - 0x00007ffb6c731000 	C:\WINDOWS\System32\WS2_32.dll
0x00007ffb69400000 - 0x00007ffb6944d000 	C:\WINDOWS\SYSTEM32\POWRPROF.dll
0x00007ffb60b50000 - 0x00007ffb60b84000 	C:\WINDOWS\SYSTEM32\WINMM.dll
0x00007ffb5c400000 - 0x00007ffb5c40a000 	C:\WINDOWS\SYSTEM32\VERSION.dll
0x00007ffb69280000 - 0x00007ffb69293000 	C:\WINDOWS\SYSTEM32\UMPDC.dll
0x00007ffb68c90000 - 0x00007ffb68ca8000 	C:\WINDOWS\SYSTEM32\kernel.appcore.dll
0x00007ffb63410000 - 0x00007ffb6341a000 	C:\Program Files\Java\jdk-23\bin\jimage.dll
0x00007ffb675a0000 - 0x00007ffb677d2000 	C:\WINDOWS\SYSTEM32\DBGHELP.DLL
0x00007ffb6ac30000 - 0x00007ffb6afb8000 	C:\WINDOWS\System32\combase.dll
0x00007ffb6b0f0000 - 0x00007ffb6b1c7000 	C:\WINDOWS\System32\OLEAUT32.dll
0x00007ffb478d0000 - 0x00007ffb47902000 	C:\WINDOWS\SYSTEM32\dbgcore.DLL
0x00007ffb69d80000 - 0x00007ffb69dfb000 	C:\WINDOWS\System32\bcryptPrimitives.dll
0x00007ffb42cf0000 - 0x00007ffb42cff000 	C:\Program Files\Java\jdk-23\bin\instrument.dll
0x00007ffb633f0000 - 0x00007ffb6340e000 	C:\Program Files\Java\jdk-23\bin\java.dll
0x00007ffb6aa50000 - 0x00007ffb6abf5000 	C:\WINDOWS\System32\ole32.dll
0x00007ffb6bd40000 - 0x00007ffb6c59f000 	C:\WINDOWS\System32\SHELL32.dll

dbghelp: loaded successfully - version: 4.0.5 - missing functions: none
symbol engine: initialized successfully - sym options: 0x614 - pdb path: .;C:\Program Files\Java\jdk-23\bin;C:\WINDOWS\SYSTEM32;C:\WINDOWS\WinSxS\amd64_microsoft.windows.common-controls_6595b64144ccf1df_6.0.22621.3672_none_2713b9d173822955;C:\Program Files\Java\jdk-23\bin\server

VM Arguments:
jvm_args: -Dmaven.multiModuleProjectDirectory=D:\pincha\rifa\rifa -Djansi.passthrough=true -Dmaven.home=C:\Users\Leo\.m2\wrapper\dists\apache-maven-3.9.9-bin\4nf9hui3q3djbarqar9g711ggc\apache-maven-3.9.9 -Dclassworlds.conf=C:\Users\Leo\.m2\wrapper\dists\apache-maven-3.9.9-bin\4nf9hui3q3djbarqar9g711ggc\apache-maven-3.9.9\bin\m2.conf -Dmaven.ext.class.path=C:\Program Files\JetBrains\IntelliJ IDEA Community Edition 2024.2.3\plugins\maven\lib\maven-event-listener.jar -javaagent:C:\Program Files\JetBrains\IntelliJ IDEA Community Edition 2024.2.3\lib\idea_rt.jar=3947:C:\Program Files\JetBrains\IntelliJ IDEA Community Edition 2024.2.3\bin -Dfile.encoding=UTF-8 -Dsun.stdout.encoding=UTF-8 -Dsun.stderr.encoding=UTF-8 
java_command: org.codehaus.classworlds.Launcher -Didea.version=2024.2.3 spring-boot:run
java_class_path (initial): C:\Users\Leo\.m2\wrapper\dists\apache-maven-3.9.9-bin\4nf9hui3q3djbarqar9g711ggc\apache-maven-3.9.9\boot\plexus-classworlds-2.8.0.jar;C:\Users\Leo\.m2\wrapper\dists\apache-maven-3.9.9-bin\4nf9hui3q3djbarqar9g711ggc\apache-maven-3.9.9\boot\plexus-classworlds.license
Launcher Type: SUN_STANDARD

[Global flags]
     intx CICompilerCount                          = 3                                         {product} {ergonomic}
     uint ConcGCThreads                            = 1                                         {product} {ergonomic}
     uint G1ConcRefinementThreads                  = 4                                         {product} {ergonomic}
   size_t G1HeapRegionSize                         = 1048576                                   {product} {ergonomic}
   size_t InitialHeapSize                          = 130023424                                 {product} {ergonomic}
   size_t MarkStackSize                            = 4194304                                   {product} {ergonomic}
   size_t MarkStackSizeMax                         = 536870912                                 {product} {ergonomic}
   size_t MaxHeapSize                              = 2067791872                                {product} {ergonomic}
   size_t MinHeapDeltaBytes                        = 1048576                                   {product} {ergonomic}
   size_t MinHeapSize                              = 8388608                                   {product} {ergonomic}
    uintx NonNMethodCodeHeapSize                   = 5832704                                {pd product} {ergonomic}
    uintx NonProfiledCodeHeapSize                  = 122945536                              {pd product} {ergonomic}
    uintx ProfiledCodeHeapSize                     = 122880000                              {pd product} {ergonomic}
    uintx ReservedCodeCacheSize                    = 251658240                              {pd product} {ergonomic}
     bool SegmentedCodeCache                       = true                                      {product} {ergonomic}
   size_t SoftMaxHeapSize                          = 2067791872                             {manageable} {ergonomic}
     bool UseCompressedOops                        = true                           {product lp64_product} {ergonomic}
     bool UseG1GC                                  = true                                      {product} {ergonomic}
     bool UseLargePagesIndividualAllocation        = false                                  {pd product} {ergonomic}

Logging:
Log output configuration:
 #0: stdout all=warning uptime,level,tags foldmultilines=false
 #1: stderr all=off uptime,level,tags foldmultilines=false

Environment Variables:
PATH=C:\Program Files\Common Files\Oracle\Java\javapath;C:\WINDOWS\system32;C:\WINDOWS;C:\WINDOWS\System32\Wbem;C:\WINDOWS\System32\WindowsPowerShell\v1.0\;C:\WINDOWS\System32\OpenSSH\;D:\Programas\;C:\Program Files (x86)\Microsoft SQL Server\160\Tools\Binn\;C:\Program Files\Microsoft SQL Server\160\Tools\Binn\;C:\Program Files\Microsoft SQL Server\Client SDK\ODBC\170\Tools\Binn\;C:\Program Files\Microsoft SQL Server\160\DTS\Binn\;C:\Program Files (x86)\Microsoft SQL Server\160\DTS\Binn\;C:\Program Files\Microsoft SQL Server\150\Tools\Binn\;C:\Program Files\dotnet\;C:\Program Files\Git\cmd;D:\JAVA\apache-maven-3.9.9\bin;C:\Program Files\MySQL\MySQL Server 9.1\bin;C:\Users\Leo\AppData\Local\Microsoft\WindowsApps;C:\Users\Leo\AppData\Roaming\npm;C:\Users\Leo\AppData\Local\Programs\Microsoft VS Code\bin;C:\Users\Leo\.dotnet\tools
USERNAME=Leo
OS=Windows_NT
PROCESSOR_IDENTIFIER=Intel64 Family 6 Model 140 Stepping 1, GenuineIntel
TMP=C:\Users\Leo\AppData\Local\Temp
TEMP=C:\Users\Leo\AppData\Local\Temp




Periodic native trim disabled

---------------  S Y S T E M  ---------------

OS:
 Windows 11 , 64 bit Build 22621 (10.0.22621.3672)
OS uptime: 1 days 15:51 hours

CPU: total 4 (initial active 4) (2 cores per cpu, 2 threads per core) family 6 model 140 stepping 1 microcode 0x9a, cx8, cmov, fxsr, ht, mmx, 3dnowpref, sse, sse2, sse3, ssse3, sse4.1, sse4.2, popcnt, lzcnt, tsc, tscinvbit, avx, avx2, aes, erms, clmul, bmi1, bmi2, adx, avx512f, avx512dq, avx512cd, avx512bw, avx512vl, sha, fma, vzeroupper, avx512_vpopcntdq, avx512_vpclmulqdq, avx512_vaes, avx512_vnni, clflush, clflushopt, clwb, avx512_vbmi2, avx512_vbmi, rdtscp, rdpid, fsrm, gfni, avx512_bitalg, f16c, pku, cet_ibt, cet_ss, avx512_ifma
Processor Information for the first 4 processors :
  Max Mhz: 2995, Current Mhz: 2995, Mhz Limit: 2995

Memory: 4k page, system-wide physical 7886M (444M free)
TotalPageFile size 20198M (AvailPageFile size 27M)
current process WorkingSet (physical memory assigned to process): 12M, peak: 12M
current process commit charge ("private bytes"): 52M, peak: 176M

vm_info: Java HotSpot(TM) 64-Bit Server VM (23.0.1+11-39) for windows-amd64 JRE (23.0.1+11-39), built on 2024-09-30T07:20:43Z with MS VC++ 17.6 (VS2022)

END.
